Determining if the pthread_create exist failed with the following output:
Change Dir: /home/smriti_gupta/myrobot_ws/build/CMakeFiles/CMakeTmp

Run Build Command:"/usr/bin/make" "cmTC_a13b2/fast"
/usr/bin/make -f CMakeFiles/cmTC_a13b2.dir/build.make CMakeFiles/cmTC_a13b2.dir/build
make[1]: Entering directory '/home/smriti_gupta/myrobot_ws/build/CMakeFiles/CMakeTmp'
Building C object CMakeFiles/cmTC_a13b2.dir/CheckSymbolExists.c.o
/usr/bin/cc     -o CMakeFiles/cmTC_a13b2.dir/CheckSymbolExists.c.o   -c /home/smriti_gupta/myrobot_ws/build/CMakeFiles/CMakeTmp/CheckSymbolExists.c
Linking C executable cmTC_a13b2
/usr/bin/cmake -E cmake_link_script CMakeFiles/cmTC_a13b2.dir/link.txt --verbose=1
/usr/bin/cc       CMakeFiles/cmTC_a13b2.dir/CheckSymbolExists.c.o  -o cmTC_a13b2 -rdynamic 
CMakeFiles/cmTC_a13b2.dir/CheckSymbolExists.c.o: In function `main':
CheckSymbolExists.c:(.text+0x16): undefined reference to `pthread_create'
collect2: error: ld returned 1 exit status
CMakeFiles/cmTC_a13b2.dir/build.make:97: recipe for target 'cmTC_a13b2' failed
make[1]: *** [cmTC_a13b2] Error 1
make[1]: Leaving directory '/home/smriti_gupta/myrobot_ws/build/CMakeFiles/CMakeTmp'
Makefile:126: recipe for target 'cmTC_a13b2/fast' failed
make: *** [cmTC_a13b2/fast] Error 2

File /home/smriti_gupta/myrobot_ws/build/CMakeFiles/CMakeTmp/CheckSymbolExists.c:
/* */
#include <pthread.h>

int main(int argc, char** argv)
{
  (void)argv;
#ifndef pthread_create
  return ((int*)(&pthread_create))[argc];
#else
  (void)argc;
  return 0;
#endif
}

Determining if the function pthread_create exists in the pthreads failed with the following output:
Change Dir: /home/smriti_gupta/myrobot_ws/build/CMakeFiles/CMakeTmp

Run Build Command:"/usr/bin/make" "cmTC_9d496/fast"
/usr/bin/make -f CMakeFiles/cmTC_9d496.dir/build.make CMakeFiles/cmTC_9d496.dir/build
make[1]: Entering directory '/home/smriti_gupta/myrobot_ws/build/CMakeFiles/CMakeTmp'
Building C object CMakeFiles/cmTC_9d496.dir/CheckFunctionExists.c.o
/usr/bin/cc    -DCHECK_FUNCTION_EXISTS=pthread_create   -o CMakeFiles/cmTC_9d496.dir/CheckFunctionExists.c.o   -c /usr/share/cmake-3.5/Modules/CheckFunctionExists.c
Linking C executable cmTC_9d496
/usr/bin/cmake -E cmake_link_script CMakeFiles/cmTC_9d496.dir/link.txt --verbose=1
/usr/bin/cc   -DCHECK_FUNCTION_EXISTS=pthread_create    CMakeFiles/cmTC_9d496.dir/CheckFunctionExists.c.o  -o cmTC_9d496 -rdynamic -lpthreads 
/usr/bin/ld: cannot find -lpthreads
collect2: error: ld returned 1 exit status
CMakeFiles/cmTC_9d496.dir/build.make:97: recipe for target 'cmTC_9d496' failed
make[1]: *** [cmTC_9d496] Error 1
make[1]: Leaving directory '/home/smriti_gupta/myrobot_ws/build/CMakeFiles/CMakeTmp'
Makefile:126: recipe for target 'cmTC_9d496/fast' failed
make: *** [cmTC_9d496/fast] Error 2


